

================================================================
== Vivado HLS Report for 'scanhash_sha256d'
================================================================
* Date:           Fri Apr 26 15:35:07 2019

* Version:        2018.3 (Build 2405991 on Thu Dec 06 23:56:15 MST 2018)
* Project:        sha256d
* Solution:       solution1
* Product family: zynq
* Target device:  xc7z045ffg900-2


================================================================
== Performance Estimates
================================================================
+ Timing (ns): 
    * Summary: 
    +--------+-------+----------+------------+
    |  Clock | Target| Estimated| Uncertainty|
    +--------+-------+----------+------------+
    |ap_clk  |  10.00|     8.013|        1.25|
    +--------+-------+----------+------------+

+ Latency (clock cycles): 
    * Summary: 
    +-----+---------------+-----+---------------+---------+
    |       Latency       |       Interval      | Pipeline|
    | min |      max      | min |      max      |   Type  |
    +-----+---------------+-----+---------------+---------+
    |  668|  1556000000279|  668|  1556000000279|   none  |
    +-----+---------------+-----+---------------+---------+

    + Detail: 
        * Instance: 
        +--------------------------------+---------------------+-----+-----+-----+-----+---------+
        |                                |                     |  Latency  |  Interval | Pipeline|
        |            Instance            |        Module       | min | max | min | max |   Type  |
        +--------------------------------+---------------------+-----+-----+-----+-----+---------+
        |grp_sha256_transform_1_fu_333   |sha256_transform_1   |  193|  193|  193|  193|   none  |
        |grp_sha256_transform_fu_361     |sha256_transform     |  193|  193|  193|  193|   none  |
        |grp_sha256_transform_16_fu_381  |sha256_transform_16  |  193|  193|  193|  193|   none  |
        +--------------------------------+---------------------+-----+-----+-----+-----+---------+

        * Loop: 
        +----------+-----+---------------+----------+-----------+-----------+----------------+----------+
        |          |       Latency       | Iteration|  Initiation Interval  |      Trip      |          |
        | Loop Name| min |      max      |  Latency |  achieved |   target  |      Count     | Pipelined|
        +----------+-----+---------------+----------+-----------+-----------+----------------+----------+
        |- Loop 1  |   80|             80|         5|          -|          -|              16|    no    |
        |- Loop 2  |  391|  1556000000002|       389|          -|          -| 1 ~ 4000000000 |    no    |
        +----------+-----+---------------+----------+-----------+-----------+----------------+----------+



================================================================
== Utilization Estimates
================================================================
* Summary: 
+-----------------+---------+-------+--------+--------+
|       Name      | BRAM_18K| DSP48E|   FF   |   LUT  |
+-----------------+---------+-------+--------+--------+
|DSP              |        -|      -|       -|       -|
|Expression       |        -|      -|       0|     168|
|FIFO             |        -|      -|       -|       -|
|Instance         |        4|      -|    8198|    8452|
|Memory           |        -|      -|       -|       -|
|Multiplexer      |        -|      -|       -|      19|
|Register         |        -|      -|    1761|       -|
+-----------------+---------+-------+--------+--------+
|Total            |        4|      0|    9959|    8639|
+-----------------+---------+-------+--------+--------+
|Available        |     1090|    900|  437200|  218600|
+-----------------+---------+-------+--------+--------+
|Utilization (%)  |    ~0   |      0|       2|       3|
+-----------------+---------+-------+--------+--------+

+ Detail: 
    * Instance: 
    +-----------------------------------+---------------------------------+---------+-------+------+------+
    |              Instance             |              Module             | BRAM_18K| DSP48E|  FF  |  LUT |
    +-----------------------------------+---------------------------------+---------+-------+------+------+
    |scanhash_sha256d_CTRL_BUS_s_axi_U  |scanhash_sha256d_CTRL_BUS_s_axi  |        4|      0|   304|   372|
    |grp_sha256_transform_fu_361        |sha256_transform                 |        0|      0|  2706|  2775|
    |grp_sha256_transform_1_fu_333      |sha256_transform_1               |        0|      0|  2706|  2775|
    |grp_sha256_transform_16_fu_381     |sha256_transform_16              |        0|      0|  2482|  2530|
    +-----------------------------------+---------------------------------+---------+-------+------+------+
    |Total                              |                                 |        4|      0|  8198|  8452|
    +-----------------------------------+---------------------------------+---------+-------+------+------+

    * DSP48: 
    N/A

    * Memory: 
    N/A

    * FIFO: 
    N/A

    * Expression: 
    +--------------------+----------+-------+---+----+------------+------------+
    |    Variable Name   | Operation| DSP48E| FF| LUT| Bitwidth P0| Bitwidth P1|
    +--------------------+----------+-------+---+----+------------+------------+
    |i_2_fu_405_p2       |     +    |      0|  0|   7|           5|           1|
    |n_2_fu_746_p2       |     +    |      0|  0|  32|           1|          32|
    |n_fu_393_p2         |     +    |      0|  0|  32|          32|           2|
    |num_hashes          |     +    |      0|  0|  32|          32|          32|
    |tmp_s_fu_681_p2     |     -    |      0|  0|  32|           1|          32|
    |exitcond_fu_399_p2  |   icmp   |      0|  0|   3|           5|           6|
    |tmp_76_fu_846_p2    |   icmp   |      0|  0|  12|          32|          32|
    |tmp_77_fu_851_p2    |   icmp   |      0|  0|  12|          32|          32|
    |tmp_72_fu_411_p2    |    xor   |      0|  0|   6|           5|           6|
    +--------------------+----------+-------+---+----+------------+------------+
    |Total               |          |      0|  0| 168|         145|         175|
    +--------------------+----------+-------+---+----+------------+------------+

    * Multiplexer: 
    +------------------------------+----+-----------+-----+-----------+
    |             Name             | LUT| Input Size| Bits| Total Bits|
    +------------------------------+----+-----------+-----+-----------+
    |ap_NS_fsm                     |   6|         12|    1|         12|
    |ap_phi_mux_p_0_phi_fu_325_p4  |   3|          3|    1|          3|
    |i_reg_301                     |   3|          2|    5|         10|
    |n1_reg_313                    |   3|          2|   32|         64|
    |work_address0                 |   4|          5|    5|         25|
    +------------------------------+----+-----------+-----+-----------+
    |Total                         |  19|         24|   44|        114|
    +------------------------------+----+-----------+-----+-----------+

    * Register: 
    +---------------------------------------------+----+----+-----+-----------+
    |                     Name                    | FF | LUT| Bits| Const Bits|
    +---------------------------------------------+----+----+-----+-----------+
    |Htarg_reg_1065                               |  32|   0|   32|          0|
    |ap_CS_fsm                                    |  11|   0|   11|          0|
    |data_15_10_fu_164                            |  32|   0|   32|          0|
    |data_15_11_fu_168                            |  32|   0|   32|          0|
    |data_15_12_fu_172                            |  32|   0|   32|          0|
    |data_15_13_fu_176                            |  32|   0|   32|          0|
    |data_15_14_fu_180                            |  32|   0|   32|          0|
    |data_15_1_fu_124                             |  32|   0|   32|          0|
    |data_15_2_fu_128                             |  32|   0|   32|          0|
    |data_15_3_fu_136                             |  32|   0|   32|          0|
    |data_15_4_fu_140                             |  32|   0|   32|          0|
    |data_15_5_fu_144                             |  32|   0|   32|          0|
    |data_15_6_fu_148                             |  32|   0|   32|          0|
    |data_15_7_fu_152                             |  32|   0|   32|          0|
    |data_15_8_fu_156                             |  32|   0|   32|          0|
    |data_15_9_fu_160                             |  32|   0|   32|          0|
    |data_15_fu_120                               |  32|   0|   32|          0|
    |first_nonce_reg_1060                         |  32|   0|   32|          0|
    |grp_sha256_transform_16_fu_381_ap_start_reg  |   1|   0|    1|          0|
    |grp_sha256_transform_1_fu_333_ap_start_reg   |   1|   0|    1|          0|
    |grp_sha256_transform_fu_361_ap_start_reg     |   1|   0|    1|          0|
    |hash_0_reg_1309                              |  32|   0|   32|          0|
    |hash_1_reg_1314                              |  32|   0|   32|          0|
    |hash_2_reg_1319                              |  32|   0|   32|          0|
    |hash_3_reg_1324                              |  32|   0|   32|          0|
    |hash_4_reg_1329                              |  32|   0|   32|          0|
    |hash_5_reg_1334                              |  32|   0|   32|          0|
    |hash_6_reg_1339                              |  32|   0|   32|          0|
    |hash_7_reg_1344                              |  32|   0|   32|          0|
    |i_2_reg_1078                                 |   5|   0|    5|          0|
    |i_reg_301                                    |   5|   0|    5|          0|
    |max_nonce_read_reg_1055                      |  32|   0|   32|          0|
    |midstate_0_reg_1182                          |  32|   0|   32|          0|
    |midstate_1_reg_1187                          |  32|   0|   32|          0|
    |midstate_2_reg_1192                          |  32|   0|   32|          0|
    |midstate_3_reg_1197                          |  32|   0|   32|          0|
    |midstate_4_reg_1202                          |  32|   0|   32|          0|
    |midstate_5_reg_1207                          |  32|   0|   32|          0|
    |midstate_6_reg_1212                          |  32|   0|   32|          0|
    |midstate_7_reg_1217                          |  32|   0|   32|          0|
    |n1_reg_313                                   |  32|   0|   32|          0|
    |n_2_reg_1302                                 |  32|   0|   32|          0|
    |n_reg_1070                                   |  32|   0|   32|          0|
    |tmp_74_reg_1168                              |   5|   0|   64|         59|
    |tmp_94_reg_1173                              |   4|   0|    4|          0|
    |tmp_s_reg_1222                               |  32|   0|   32|          0|
    |upper_15_10_fu_220                           |  32|   0|   32|          0|
    |upper_15_11_fu_224                           |  32|   0|   32|          0|
    |upper_15_12_fu_228                           |  32|   0|   32|          0|
    |upper_15_13_fu_232                           |  32|   0|   32|          0|
    |upper_15_14_fu_236                           |  32|   0|   32|          0|
    |upper_15_15_fu_240                           |  32|   0|   32|          0|
    |upper_15_1_fu_184                            |  32|   0|   32|          0|
    |upper_15_2_fu_188                            |  32|   0|   32|          0|
    |upper_15_3_fu_192                            |  32|   0|   32|          0|
    |upper_15_4_fu_196                            |  32|   0|   32|          0|
    |upper_15_5_fu_200                            |  32|   0|   32|          0|
    |upper_15_6_fu_204                            |  32|   0|   32|          0|
    |upper_15_7_fu_208                            |  32|   0|   32|          0|
    |upper_15_8_fu_212                            |  32|   0|   32|          0|
    |upper_15_9_fu_216                            |  32|   0|   32|          0|
    |upper_15_fu_132                              |  32|   0|   32|          0|
    +---------------------------------------------+----+----+-----+-----------+
    |Total                                        |1761|   0| 1820|         59|
    +---------------------------------------------+----+----+-----+-----------+



================================================================
== Interface
================================================================
* Summary: 
+------------------------+-----+-----+------------+------------------+--------------+
|        RTL Ports       | Dir | Bits|  Protocol  |   Source Object  |    C Type    |
+------------------------+-----+-----+------------+------------------+--------------+
|s_axi_CTRL_BUS_AWVALID  |  in |    1|    s_axi   |     CTRL_BUS     |    pointer   |
|s_axi_CTRL_BUS_AWREADY  | out |    1|    s_axi   |     CTRL_BUS     |    pointer   |
|s_axi_CTRL_BUS_AWADDR   |  in |    9|    s_axi   |     CTRL_BUS     |    pointer   |
|s_axi_CTRL_BUS_WVALID   |  in |    1|    s_axi   |     CTRL_BUS     |    pointer   |
|s_axi_CTRL_BUS_WREADY   | out |    1|    s_axi   |     CTRL_BUS     |    pointer   |
|s_axi_CTRL_BUS_WDATA    |  in |   32|    s_axi   |     CTRL_BUS     |    pointer   |
|s_axi_CTRL_BUS_WSTRB    |  in |    4|    s_axi   |     CTRL_BUS     |    pointer   |
|s_axi_CTRL_BUS_ARVALID  |  in |    1|    s_axi   |     CTRL_BUS     |    pointer   |
|s_axi_CTRL_BUS_ARREADY  | out |    1|    s_axi   |     CTRL_BUS     |    pointer   |
|s_axi_CTRL_BUS_ARADDR   |  in |    9|    s_axi   |     CTRL_BUS     |    pointer   |
|s_axi_CTRL_BUS_RVALID   | out |    1|    s_axi   |     CTRL_BUS     |    pointer   |
|s_axi_CTRL_BUS_RREADY   |  in |    1|    s_axi   |     CTRL_BUS     |    pointer   |
|s_axi_CTRL_BUS_RDATA    | out |   32|    s_axi   |     CTRL_BUS     |    pointer   |
|s_axi_CTRL_BUS_RRESP    | out |    2|    s_axi   |     CTRL_BUS     |    pointer   |
|s_axi_CTRL_BUS_BVALID   | out |    1|    s_axi   |     CTRL_BUS     |    pointer   |
|s_axi_CTRL_BUS_BREADY   |  in |    1|    s_axi   |     CTRL_BUS     |    pointer   |
|s_axi_CTRL_BUS_BRESP    | out |    2|    s_axi   |     CTRL_BUS     |    pointer   |
|ap_clk                  |  in |    1| ap_ctrl_hs | scanhash_sha256d | return value |
|ap_rst_n                |  in |    1| ap_ctrl_hs | scanhash_sha256d | return value |
|interrupt               | out |    1| ap_ctrl_hs | scanhash_sha256d | return value |
+------------------------+-----+-----+------------+------------------+--------------+

