

================================================================
== Vivado HLS Report for 'sha256_transform_1'
================================================================
* Date:           Fri Apr 26 15:35:05 2019

* Version:        2018.3 (Build 2405991 on Thu Dec 06 23:56:15 MST 2018)
* Project:        sha256d
* Solution:       solution1
* Product family: zynq
* Target device:  xc7z045ffg900-2


================================================================
== Performance Estimates
================================================================
+ Timing (ns): 
    * Summary: 
    +--------+-------+----------+------------+
    |  Clock | Target| Estimated| Uncertainty|
    +--------+-------+----------+------------+
    |ap_clk  |  10.00|     8.013|        1.25|
    +--------+-------+----------+------------+

+ Latency (clock cycles): 
    * Summary: 
    +-----+-----+-----+-----+---------+
    |  Latency  |  Interval | Pipeline|
    | min | max | min | max |   Type  |
    +-----+-----+-----+-----+---------+
    |  193|  193|  193|  193|   none  |
    +-----+-----+-----+-----+---------+

    + Detail: 
        * Instance: 
        N/A

        * Loop: 
        +----------+-----+-----+----------+-----------+-----------+------+----------+
        |          |  Latency  | Iteration|  Initiation Interval  | Trip |          |
        | Loop Name| min | max |  Latency |  achieved |   target  | Count| Pipelined|
        +----------+-----+-----+----------+-----------+-----------+------+----------+
        |- Loop 1  |  192|  192|         3|          -|          -|    64|    no    |
        +----------+-----+-----+----------+-----------+-----------+------+----------+



================================================================
== Utilization Estimates
================================================================
* Summary: 
+-----------------+---------+-------+--------+--------+
|       Name      | BRAM_18K| DSP48E|   FF   |   LUT  |
+-----------------+---------+-------+--------+--------+
|DSP              |        -|      -|       -|       -|
|Expression       |        -|      -|       0|    1071|
|FIFO             |        -|      -|       -|       -|
|Instance         |        -|      -|       0|    1638|
|Memory           |        -|      -|       -|       -|
|Multiplexer      |        -|      -|       -|      66|
|Register         |        -|      -|    2706|       -|
+-----------------+---------+-------+--------+--------+
|Total            |        0|      0|    2706|    2775|
+-----------------+---------+-------+--------+--------+
|Available        |     1090|    900|  437200|  218600|
+-----------------+---------+-------+--------+--------+
|Utilization (%)  |        0|      0|   ~0   |       1|
+-----------------+---------+-------+--------+--------+

+ Detail: 
    * Instance: 
    +--------------------------+----------------------+---------+-------+---+-----+
    |         Instance         |        Module        | BRAM_18K| DSP48E| FF| LUT |
    +--------------------------+----------------------+---------+-------+---+-----+
    |scanhash_sha256d_bkb_U26  |scanhash_sha256d_bkb  |        0|      0|  0|  273|
    |scanhash_sha256d_bkb_U27  |scanhash_sha256d_bkb  |        0|      0|  0|  273|
    |scanhash_sha256d_bkb_U28  |scanhash_sha256d_bkb  |        0|      0|  0|  273|
    |scanhash_sha256d_bkb_U30  |scanhash_sha256d_bkb  |        0|      0|  0|  273|
    |scanhash_sha256d_bkb_U31  |scanhash_sha256d_bkb  |        0|      0|  0|  273|
    |scanhash_sha256d_cud_U29  |scanhash_sha256d_cud  |        0|      0|  0|  273|
    +--------------------------+----------------------+---------+-------+---+-----+
    |Total                     |                      |        0|      0|  0| 1638|
    +--------------------------+----------------------+---------+-------+---+-----+

    * DSP48: 
    N/A

    * Memory: 
    N/A

    * FIFO: 
    N/A

    * Expression: 
    +--------------------------------+----------+-------+---+----+------------+------------+
    |          Variable Name         | Operation| DSP48E| FF| LUT| Bitwidth P0| Bitwidth P1|
    +--------------------------------+----------+-------+---+----+------------+------------+
    |W_16_fu_1815_p2                 |     +    |      0|  0|  32|          32|          32|
    |a_fu_2767_p2                    |     +    |      0|  0|  32|          32|          32|
    |e_fu_2756_p2                    |     +    |      0|  0|  32|          32|          32|
    |i_1_fu_1235_p2                  |     +    |      0|  0|   7|           7|           1|
    |out_state_0_write_a_fu_2171_p2  |     +    |      0|  0|  32|          32|          32|
    |out_state_1_write_a_fu_2176_p2  |     +    |      0|  0|  32|          32|          32|
    |out_state_2_write_a_fu_2181_p2  |     +    |      0|  0|  32|          32|          32|
    |out_state_3_write_a_fu_2186_p2  |     +    |      0|  0|  32|          32|          32|
    |out_state_4_write_a_fu_2191_p2  |     +    |      0|  0|  32|          32|          32|
    |out_state_5_write_a_fu_2196_p2  |     +    |      0|  0|  32|          32|          32|
    |out_state_6_write_a_fu_2201_p2  |     +    |      0|  0|  32|          32|          32|
    |out_state_7_write_a_fu_2206_p2  |     +    |      0|  0|  32|          32|          32|
    |t0_fu_2673_p2                   |     +    |      0|  0|  32|          32|          32|
    |tmp19_fu_1803_p2                |     +    |      0|  0|  32|          32|          32|
    |tmp20_fu_1809_p2                |     +    |      0|  0|  32|          32|          32|
    |tmp24_fu_2669_p2                |     +    |      0|  0|  32|          32|          32|
    |tmp25_fu_2639_p2                |     +    |      0|  0|  32|          32|          32|
    |tmp26_fu_2633_p2                |     +    |      0|  0|  32|          32|          32|
    |tmp28_fu_2762_p2                |     +    |      0|  0|  32|          32|          32|
    |ap_condition_1805               |    and   |      0|  0|   1|           1|           1|
    |ap_condition_714                |    and   |      0|  0|   1|           1|           1|
    |tmp_50_fu_2349_p2               |    and   |      0|  0|  32|          32|          32|
    |tmp_63_fu_2651_p2               |    and   |      0|  0|  32|          32|          32|
    |tmp_64_fu_2657_p2               |    and   |      0|  0|  32|          32|          32|
    |exitcond_fu_1229_p2             |   icmp   |      0|  0|   4|           7|           8|
    |icmp_fu_1251_p2                 |   icmp   |      0|  0|   2|           3|           1|
    |tmp_62_fu_2645_p2               |    or    |      0|  0|  32|          32|          32|
    |tmp_65_fu_2663_p2               |    or    |      0|  0|  32|          32|          32|
    |tmp16_fu_1319_p2                |    xor   |      0|  0|  32|          32|          32|
    |tmp17_fu_1657_p2                |    xor   |      0|  0|  32|          32|          32|
    |tmp21_fu_2331_p2                |    xor   |      0|  0|  32|          32|          32|
    |tmp27_fu_2744_p2                |    xor   |      0|  0|  32|          32|          32|
    |tmp_20_fu_1325_p2               |    xor   |      0|  0|  32|          32|          32|
    |tmp_33_fu_1663_p2               |    xor   |      0|  0|  32|          32|          32|
    |tmp_48_fu_2337_p2               |    xor   |      0|  0|  32|          32|          32|
    |tmp_49_fu_2343_p2               |    xor   |      0|  0|  32|          32|          32|
    |tmp_51_fu_2355_p2               |    xor   |      0|  0|  32|          32|          32|
    |tmp_61_fu_2750_p2               |    xor   |      0|  0|  32|          32|          32|
    +--------------------------------+----------+-------+---+----+------------+------------+
    |Total                           |          |      0|  0|1071|        1075|        1068|
    +--------------------------------+----------+-------+---+----+------------+------------+

    * Multiplexer: 
    +--------------------------------------+----+-----------+-----+-----------+
    |                 Name                 | LUT| Input Size| Bits| Total Bits|
    +--------------------------------------+----+-----------+-----+-----------+
    |ap_NS_fsm                             |   4|          5|    1|          5|
    |ap_phi_mux_W_load_phi_phi_fu_897_p96  |  11|         49|   32|       1568|
    |ap_return_0                           |   3|          2|   32|         64|
    |ap_return_1                           |   3|          2|   32|         64|
    |ap_return_2                           |   3|          2|   32|         64|
    |ap_return_3                           |   3|          2|   32|         64|
    |ap_return_4                           |   3|          2|   32|         64|
    |ap_return_5                           |   3|          2|   32|         64|
    |ap_return_6                           |   3|          2|   32|         64|
    |ap_return_7                           |   3|          2|   32|         64|
    |b_reg_806                             |   3|          2|   32|         64|
    |c_reg_796                             |   3|          2|   32|         64|
    |d1_reg_840                            |   3|          2|   32|         64|
    |d_reg_829                             |   3|          2|   32|         64|
    |f_reg_851                             |   3|          2|   32|         64|
    |g_reg_861                             |   3|          2|   32|         64|
    |h1_reg_883                            |   3|          2|   32|         64|
    |h_reg_872                             |   3|          2|   32|         64|
    |i_reg_817                             |   3|          2|    7|         14|
    +--------------------------------------+----+-----------+-----+-----------+
    |Total                                 |  66|         88|  552|       2611|
    +--------------------------------------+----+-----------+-----+-----------+

    * Register: 
    +------------------+----+----+-----+-----------+
    |       Name       | FF | LUT| Bits| Const Bits|
    +------------------+----+----+-----+-----------+
    |W_15_17_fu_400    |  32|   0|   32|          0|
    |W_15_18_fu_588    |  32|   0|   32|          0|
    |W_15_19_fu_592    |  32|   0|   32|          0|
    |W_15_20_fu_596    |  32|   0|   32|          0|
    |W_15_21_fu_600    |  32|   0|   32|          0|
    |W_15_22_fu_604    |  32|   0|   32|          0|
    |W_15_23_fu_608    |  32|   0|   32|          0|
    |W_15_24_fu_612    |  32|   0|   32|          0|
    |W_15_25_fu_616    |  32|   0|   32|          0|
    |W_15_26_fu_620    |  32|   0|   32|          0|
    |W_15_27_fu_624    |  32|   0|   32|          0|
    |W_15_28_fu_628    |  32|   0|   32|          0|
    |W_15_29_fu_632    |  32|   0|   32|          0|
    |W_15_30_fu_636    |  32|   0|   32|          0|
    |W_15_31_fu_640    |  32|   0|   32|          0|
    |W_15_fu_396       |  32|   0|   32|          0|
    |W_63_49_fu_408    |  32|   0|   32|          0|
    |W_63_50_fu_412    |  32|   0|   32|          0|
    |W_63_51_fu_416    |  32|   0|   32|          0|
    |W_63_52_fu_420    |  32|   0|   32|          0|
    |W_63_53_fu_424    |  32|   0|   32|          0|
    |W_63_54_fu_428    |  32|   0|   32|          0|
    |W_63_55_fu_432    |  32|   0|   32|          0|
    |W_63_56_fu_436    |  32|   0|   32|          0|
    |W_63_57_fu_440    |  32|   0|   32|          0|
    |W_63_58_fu_444    |  32|   0|   32|          0|
    |W_63_59_fu_448    |  32|   0|   32|          0|
    |W_63_60_fu_452    |  32|   0|   32|          0|
    |W_63_61_fu_456    |  32|   0|   32|          0|
    |W_63_62_fu_460    |  32|   0|   32|          0|
    |W_63_63_fu_464    |  32|   0|   32|          0|
    |W_63_64_fu_468    |  32|   0|   32|          0|
    |W_63_65_fu_472    |  32|   0|   32|          0|
    |W_63_66_fu_476    |  32|   0|   32|          0|
    |W_63_67_fu_480    |  32|   0|   32|          0|
    |W_63_68_fu_484    |  32|   0|   32|          0|
    |W_63_69_fu_488    |  32|   0|   32|          0|
    |W_63_70_fu_492    |  32|   0|   32|          0|
    |W_63_71_fu_496    |  32|   0|   32|          0|
    |W_63_72_fu_500    |  32|   0|   32|          0|
    |W_63_73_fu_504    |  32|   0|   32|          0|
    |W_63_74_fu_508    |  32|   0|   32|          0|
    |W_63_75_fu_512    |  32|   0|   32|          0|
    |W_63_76_fu_516    |  32|   0|   32|          0|
    |W_63_77_fu_520    |  32|   0|   32|          0|
    |W_63_78_fu_524    |  32|   0|   32|          0|
    |W_63_79_fu_528    |  32|   0|   32|          0|
    |W_63_80_fu_532    |  32|   0|   32|          0|
    |W_63_81_fu_536    |  32|   0|   32|          0|
    |W_63_82_fu_540    |  32|   0|   32|          0|
    |W_63_83_fu_544    |  32|   0|   32|          0|
    |W_63_84_fu_548    |  32|   0|   32|          0|
    |W_63_85_fu_552    |  32|   0|   32|          0|
    |W_63_86_fu_556    |  32|   0|   32|          0|
    |W_63_87_fu_560    |  32|   0|   32|          0|
    |W_63_88_fu_564    |  32|   0|   32|          0|
    |W_63_89_fu_568    |  32|   0|   32|          0|
    |W_63_90_fu_572    |  32|   0|   32|          0|
    |W_63_91_fu_576    |  32|   0|   32|          0|
    |W_63_92_fu_580    |  32|   0|   32|          0|
    |W_63_93_fu_584    |  32|   0|   32|          0|
    |W_63_94_fu_644    |  32|   0|   32|          0|
    |W_63_95_fu_648    |  32|   0|   32|          0|
    |W_63_fu_404       |  32|   0|   32|          0|
    |ap_CS_fsm         |   4|   0|    4|          0|
    |ap_return_0_preg  |  32|   0|   32|          0|
    |ap_return_1_preg  |  32|   0|   32|          0|
    |ap_return_2_preg  |  32|   0|   32|          0|
    |ap_return_3_preg  |  32|   0|   32|          0|
    |ap_return_4_preg  |  32|   0|   32|          0|
    |ap_return_5_preg  |  32|   0|   32|          0|
    |ap_return_6_preg  |  32|   0|   32|          0|
    |ap_return_7_preg  |  32|   0|   32|          0|
    |b_reg_806         |  32|   0|   32|          0|
    |c_reg_796         |  32|   0|   32|          0|
    |d1_reg_840        |  32|   0|   32|          0|
    |d_reg_829         |  32|   0|   32|          0|
    |f_reg_851         |  32|   0|   32|          0|
    |g_reg_861         |  32|   0|   32|          0|
    |h1_reg_883        |  32|   0|   32|          0|
    |h_reg_872         |  32|   0|   32|          0|
    |i_1_reg_3288      |   7|   0|    7|          0|
    |i_reg_817         |   7|   0|    7|          0|
    |tmp25_reg_3312    |  32|   0|   32|          0|
    |tmp_34_reg_3307   |  32|   0|   32|          0|
    |tmp_51_reg_3302   |  32|   0|   32|          0|
    |tmp_65_reg_3317   |  32|   0|   32|          0|
    +------------------+----+----+-----+-----------+
    |Total             |2706|   0| 2706|          0|
    +------------------+----+----+-----+-----------+



================================================================
== Interface
================================================================
* Summary: 
+---------------+-----+-----+------------+--------------------+--------------+
|   RTL Ports   | Dir | Bits|  Protocol  |    Source Object   |    C Type    |
+---------------+-----+-----+------------+--------------------+--------------+
|ap_clk         |  in |    1| ap_ctrl_hs | sha256_transform.1 | return value |
|ap_rst         |  in |    1| ap_ctrl_hs | sha256_transform.1 | return value |
|ap_start       |  in |    1| ap_ctrl_hs | sha256_transform.1 | return value |
|ap_done        | out |    1| ap_ctrl_hs | sha256_transform.1 | return value |
|ap_idle        | out |    1| ap_ctrl_hs | sha256_transform.1 | return value |
|ap_ready       | out |    1| ap_ctrl_hs | sha256_transform.1 | return value |
|ap_return_0    | out |   32| ap_ctrl_hs | sha256_transform.1 | return value |
|ap_return_1    | out |   32| ap_ctrl_hs | sha256_transform.1 | return value |
|ap_return_2    | out |   32| ap_ctrl_hs | sha256_transform.1 | return value |
|ap_return_3    | out |   32| ap_ctrl_hs | sha256_transform.1 | return value |
|ap_return_4    | out |   32| ap_ctrl_hs | sha256_transform.1 | return value |
|ap_return_5    | out |   32| ap_ctrl_hs | sha256_transform.1 | return value |
|ap_return_6    | out |   32| ap_ctrl_hs | sha256_transform.1 | return value |
|ap_return_7    | out |   32| ap_ctrl_hs | sha256_transform.1 | return value |
|state_0_read   |  in |   32|   ap_none  |    state_0_read    |    scalar    |
|state_1_read   |  in |   32|   ap_none  |    state_1_read    |    scalar    |
|state_2_read   |  in |   32|   ap_none  |    state_2_read    |    scalar    |
|state_3_read   |  in |   32|   ap_none  |    state_3_read    |    scalar    |
|state_4_read   |  in |   32|   ap_none  |    state_4_read    |    scalar    |
|state_5_read   |  in |   32|   ap_none  |    state_5_read    |    scalar    |
|state_6_read   |  in |   32|   ap_none  |    state_6_read    |    scalar    |
|state_7_read   |  in |   32|   ap_none  |    state_7_read    |    scalar    |
|block_0_read   |  in |   32|   ap_none  |    block_0_read    |    scalar    |
|block_1_read   |  in |   32|   ap_none  |    block_1_read    |    scalar    |
|block_2_read   |  in |   32|   ap_none  |    block_2_read    |    scalar    |
|block_3_read   |  in |   32|   ap_none  |    block_3_read    |    scalar    |
|block_4_read   |  in |   32|   ap_none  |    block_4_read    |    scalar    |
|block_5_read   |  in |   32|   ap_none  |    block_5_read    |    scalar    |
|block_6_read   |  in |   32|   ap_none  |    block_6_read    |    scalar    |
|block_7_read   |  in |   32|   ap_none  |    block_7_read    |    scalar    |
|block_8_read   |  in |   32|   ap_none  |    block_8_read    |    scalar    |
|block_9_read   |  in |   32|   ap_none  |    block_9_read    |    scalar    |
|block_10_read  |  in |   32|   ap_none  |    block_10_read   |    scalar    |
|block_11_read  |  in |   32|   ap_none  |    block_11_read   |    scalar    |
|block_12_read  |  in |   32|   ap_none  |    block_12_read   |    scalar    |
|block_13_read  |  in |   32|   ap_none  |    block_13_read   |    scalar    |
|block_14_read  |  in |   32|   ap_none  |    block_14_read   |    scalar    |
|block_15_read  |  in |   32|   ap_none  |    block_15_read   |    scalar    |
+---------------+-----+-----+------------+--------------------+--------------+

