

================================================================
== Vivado HLS Report for 'sha256_transform_16'
================================================================
* Date:           Fri Apr 26 15:35:06 2019

* Version:        2018.3 (Build 2405991 on Thu Dec 06 23:56:15 MST 2018)
* Project:        sha256d
* Solution:       solution1
* Product family: zynq
* Target device:  xc7z045ffg900-2


================================================================
== Performance Estimates
================================================================
+ Timing (ns): 
    * Summary: 
    +--------+-------+----------+------------+
    |  Clock | Target| Estimated| Uncertainty|
    +--------+-------+----------+------------+
    |ap_clk  |  10.00|     8.013|        1.25|
    +--------+-------+----------+------------+

+ Latency (clock cycles): 
    * Summary: 
    +-----+-----+-----+-----+---------+
    |  Latency  |  Interval | Pipeline|
    | min | max | min | max |   Type  |
    +-----+-----+-----+-----+---------+
    |  193|  193|  193|  193|   none  |
    +-----+-----+-----+-----+---------+

    + Detail: 
        * Instance: 
        N/A

        * Loop: 
        +----------+-----+-----+----------+-----------+-----------+------+----------+
        |          |  Latency  | Iteration|  Initiation Interval  | Trip |          |
        | Loop Name| min | max |  Latency |  achieved |   target  | Count| Pipelined|
        +----------+-----+-----+----------+-----------+-----------+------+----------+
        |- Loop 1  |  192|  192|         3|          -|          -|    64|    no    |
        +----------+-----+-----+----------+-----------+-----------+------+----------+



================================================================
== Utilization Estimates
================================================================
* Summary: 
+-----------------+---------+-------+--------+--------+
|       Name      | BRAM_18K| DSP48E|   FF   |   LUT  |
+-----------------+---------+-------+--------+--------+
|DSP              |        -|      -|       -|       -|
|Expression       |        -|      -|       0|     847|
|FIFO             |        -|      -|       -|       -|
|Instance         |        -|      -|       0|    1638|
|Memory           |        -|      -|       -|       -|
|Multiplexer      |        -|      -|       -|      45|
|Register         |        -|      -|    2482|       -|
+-----------------+---------+-------+--------+--------+
|Total            |        0|      0|    2482|    2530|
+-----------------+---------+-------+--------+--------+
|Available        |     1090|    900|  437200|  218600|
+-----------------+---------+-------+--------+--------+
|Utilization (%)  |        0|      0|   ~0   |       1|
+-----------------+---------+-------+--------+--------+

+ Detail: 
    * Instance: 
    +----------------------------+------------------------+---------+-------+---+-----+
    |          Instance          |         Module         | BRAM_18K| DSP48E| FF| LUT |
    +----------------------------+------------------------+---------+-------+---+-----+
    |scanhash_sha256d_bkb_U56    |scanhash_sha256d_bkb    |        0|      0|  0|  273|
    |scanhash_sha256d_bkb_U57    |scanhash_sha256d_bkb    |        0|      0|  0|  273|
    |scanhash_sha256d_bkb_U58    |scanhash_sha256d_bkb    |        0|      0|  0|  273|
    |scanhash_sha256d_bkb_U60    |scanhash_sha256d_bkb    |        0|      0|  0|  273|
    |scanhash_sha256d_bkb_U61    |scanhash_sha256d_bkb    |        0|      0|  0|  273|
    |scanhash_sha256d_cud_x_U59  |scanhash_sha256d_cud_x  |        0|      0|  0|  273|
    +----------------------------+------------------------+---------+-------+---+-----+
    |Total                       |                        |        0|      0|  0| 1638|
    +----------------------------+------------------------+---------+-------+---+-----+

    * DSP48: 
    N/A

    * Memory: 
    N/A

    * FIFO: 
    N/A

    * Expression: 
    +---------------------+----------+-------+---+----+------------+------------+
    |    Variable Name    | Operation| DSP48E| FF| LUT| Bitwidth P0| Bitwidth P1|
    +---------------------+----------+-------+---+----+------------+------------+
    |W_16_fu_1723_p2      |     +    |      0|  0|  32|          32|          32|
    |a_fu_2601_p2         |     +    |      0|  0|  32|          32|          32|
    |e_fu_2590_p2         |     +    |      0|  0|  32|          32|          32|
    |i_1_fu_1143_p2       |     +    |      0|  0|   7|           7|           1|
    |t0_fu_2507_p2        |     +    |      0|  0|  32|          32|          32|
    |tmp16_fu_2503_p2     |     +    |      0|  0|  32|          32|          32|
    |tmp17_fu_2473_p2     |     +    |      0|  0|  32|          32|          32|
    |tmp18_fu_2467_p2     |     +    |      0|  0|  32|          32|          32|
    |tmp1_fu_1711_p2      |     +    |      0|  0|  32|          32|          32|
    |tmp20_fu_2596_p2     |     +    |      0|  0|  32|          32|          32|
    |tmp2_fu_1717_p2      |     +    |      0|  0|  32|          32|          32|
    |tmp_2_fu_2087_p2     |     +    |      0|  0|  32|          32|          31|
    |ap_condition_1570    |    and   |      0|  0|   1|           1|           1|
    |ap_condition_666     |    and   |      0|  0|   1|           1|           1|
    |tmp_29_fu_2183_p2    |    and   |      0|  0|  32|          32|          32|
    |tmp_44_fu_2485_p2    |    and   |      0|  0|  32|          32|          32|
    |tmp_45_fu_2491_p2    |    and   |      0|  0|  32|          32|          32|
    |exitcond_fu_1137_p2  |   icmp   |      0|  0|   4|           7|           8|
    |icmp_fu_1159_p2      |   icmp   |      0|  0|   2|           3|           1|
    |tmp_43_fu_2479_p2    |    or    |      0|  0|  32|          32|          32|
    |tmp_46_fu_2497_p2    |    or    |      0|  0|  32|          32|          32|
    |tmp19_fu_2578_p2     |    xor   |      0|  0|  32|          32|          32|
    |tmp3_fu_2165_p2      |    xor   |      0|  0|  32|          32|          32|
    |tmp8_fu_1227_p2      |    xor   |      0|  0|  32|          32|          32|
    |tmp9_fu_1565_p2      |    xor   |      0|  0|  32|          32|          32|
    |tmp_17_fu_1571_p2    |    xor   |      0|  0|  32|          32|          32|
    |tmp_27_fu_2171_p2    |    xor   |      0|  0|  32|          32|          32|
    |tmp_28_fu_2177_p2    |    xor   |      0|  0|  32|          32|          32|
    |tmp_30_fu_2189_p2    |    xor   |      0|  0|  32|          32|          32|
    |tmp_42_fu_2584_p2    |    xor   |      0|  0|  32|          32|          32|
    |tmp_9_fu_1233_p2     |    xor   |      0|  0|  32|          32|          32|
    +---------------------+----------+-------+---+----+------------+------------+
    |Total                |          |      0|  0| 847|         851|         843|
    +---------------------+----------+-------+---+----+------------+------------+

    * Multiplexer: 
    +--------------------------------------+----+-----------+-----+-----------+
    |                 Name                 | LUT| Input Size| Bits| Total Bits|
    +--------------------------------------+----+-----------+-----+-----------+
    |ap_NS_fsm                             |   4|          5|    1|          5|
    |ap_phi_mux_W_load_phi_phi_fu_805_p96  |  11|         49|   32|       1568|
    |ap_return                             |   3|          2|   32|         64|
    |b_reg_700                             |   3|          2|   32|         64|
    |c_reg_688                             |   3|          2|   32|         64|
    |d1_reg_738                            |   3|          2|   32|         64|
    |d_reg_725                             |   3|          2|   32|         64|
    |f_reg_751                             |   3|          2|   32|         64|
    |g_reg_763                             |   3|          2|   32|         64|
    |h1_reg_789                            |   3|          2|   32|         64|
    |h_reg_776                             |   3|          2|   32|         64|
    |i_reg_713                             |   3|          2|    7|         14|
    +--------------------------------------+----+-----------+-----+-----------+
    |Total                                 |  45|         74|  328|       2163|
    +--------------------------------------+----+-----------+-----+-----------+

    * Register: 
    +-----------------+----+----+-----+-----------+
    |       Name      | FF | LUT| Bits| Const Bits|
    +-----------------+----+----+-----+-----------+
    |W_15_10_fu_608   |  32|   0|   32|          0|
    |W_15_11_fu_612   |  32|   0|   32|          0|
    |W_15_12_fu_616   |  32|   0|   32|          0|
    |W_15_13_fu_620   |  32|   0|   32|          0|
    |W_15_14_fu_624   |  32|   0|   32|          0|
    |W_15_15_fu_628   |  32|   0|   32|          0|
    |W_15_1_fu_388    |  32|   0|   32|          0|
    |W_15_2_fu_576    |  32|   0|   32|          0|
    |W_15_3_fu_580    |  32|   0|   32|          0|
    |W_15_4_fu_584    |  32|   0|   32|          0|
    |W_15_5_fu_588    |  32|   0|   32|          0|
    |W_15_6_fu_592    |  32|   0|   32|          0|
    |W_15_7_fu_596    |  32|   0|   32|          0|
    |W_15_8_fu_600    |  32|   0|   32|          0|
    |W_15_9_fu_604    |  32|   0|   32|          0|
    |W_15_fu_384      |  32|   0|   32|          0|
    |W_63_10_fu_432   |  32|   0|   32|          0|
    |W_63_11_fu_436   |  32|   0|   32|          0|
    |W_63_12_fu_440   |  32|   0|   32|          0|
    |W_63_13_fu_444   |  32|   0|   32|          0|
    |W_63_14_fu_448   |  32|   0|   32|          0|
    |W_63_15_fu_452   |  32|   0|   32|          0|
    |W_63_16_fu_456   |  32|   0|   32|          0|
    |W_63_17_fu_460   |  32|   0|   32|          0|
    |W_63_18_fu_464   |  32|   0|   32|          0|
    |W_63_19_fu_468   |  32|   0|   32|          0|
    |W_63_1_fu_396    |  32|   0|   32|          0|
    |W_63_20_fu_472   |  32|   0|   32|          0|
    |W_63_21_fu_476   |  32|   0|   32|          0|
    |W_63_22_fu_480   |  32|   0|   32|          0|
    |W_63_23_fu_484   |  32|   0|   32|          0|
    |W_63_24_fu_488   |  32|   0|   32|          0|
    |W_63_25_fu_492   |  32|   0|   32|          0|
    |W_63_26_fu_496   |  32|   0|   32|          0|
    |W_63_27_fu_500   |  32|   0|   32|          0|
    |W_63_28_fu_504   |  32|   0|   32|          0|
    |W_63_29_fu_508   |  32|   0|   32|          0|
    |W_63_2_fu_400    |  32|   0|   32|          0|
    |W_63_30_fu_512   |  32|   0|   32|          0|
    |W_63_31_fu_516   |  32|   0|   32|          0|
    |W_63_32_fu_520   |  32|   0|   32|          0|
    |W_63_33_fu_524   |  32|   0|   32|          0|
    |W_63_34_fu_528   |  32|   0|   32|          0|
    |W_63_35_fu_532   |  32|   0|   32|          0|
    |W_63_36_fu_536   |  32|   0|   32|          0|
    |W_63_37_fu_540   |  32|   0|   32|          0|
    |W_63_38_fu_544   |  32|   0|   32|          0|
    |W_63_39_fu_548   |  32|   0|   32|          0|
    |W_63_3_fu_404    |  32|   0|   32|          0|
    |W_63_40_fu_552   |  32|   0|   32|          0|
    |W_63_41_fu_556   |  32|   0|   32|          0|
    |W_63_42_fu_560   |  32|   0|   32|          0|
    |W_63_43_fu_564   |  32|   0|   32|          0|
    |W_63_44_fu_568   |  32|   0|   32|          0|
    |W_63_45_fu_572   |  32|   0|   32|          0|
    |W_63_46_fu_632   |  32|   0|   32|          0|
    |W_63_47_fu_636   |  32|   0|   32|          0|
    |W_63_4_fu_408    |  32|   0|   32|          0|
    |W_63_5_fu_412    |  32|   0|   32|          0|
    |W_63_6_fu_416    |  32|   0|   32|          0|
    |W_63_7_fu_420    |  32|   0|   32|          0|
    |W_63_8_fu_424    |  32|   0|   32|          0|
    |W_63_9_fu_428    |  32|   0|   32|          0|
    |W_63_fu_392      |  32|   0|   32|          0|
    |ap_CS_fsm        |   4|   0|    4|          0|
    |ap_return_preg   |  32|   0|   32|          0|
    |b_reg_700        |  32|   0|   32|          0|
    |c_reg_688        |  32|   0|   32|          0|
    |d1_reg_738       |  32|   0|   32|          0|
    |d_reg_725        |  32|   0|   32|          0|
    |f_reg_751        |  32|   0|   32|          0|
    |g_reg_763        |  32|   0|   32|          0|
    |h1_reg_789       |  32|   0|   32|          0|
    |h_reg_776        |  32|   0|   32|          0|
    |i_1_reg_3034     |   7|   0|    7|          0|
    |i_reg_713        |   7|   0|    7|          0|
    |tmp17_reg_3058   |  32|   0|   32|          0|
    |tmp_30_reg_3048  |  32|   0|   32|          0|
    |tmp_31_reg_3053  |  32|   0|   32|          0|
    |tmp_46_reg_3063  |  32|   0|   32|          0|
    +-----------------+----+----+-----+-----------+
    |Total            |2482|   0| 2482|          0|
    +-----------------+----+----+-----+-----------+



================================================================
== Interface
================================================================
* Summary: 
+--------------+-----+-----+------------+---------------------+--------------+
|   RTL Ports  | Dir | Bits|  Protocol  |    Source Object    |    C Type    |
+--------------+-----+-----+------------+---------------------+--------------+
|ap_clk        |  in |    1| ap_ctrl_hs | sha256_transform.16 | return value |
|ap_rst        |  in |    1| ap_ctrl_hs | sha256_transform.16 | return value |
|ap_start      |  in |    1| ap_ctrl_hs | sha256_transform.16 | return value |
|ap_done       | out |    1| ap_ctrl_hs | sha256_transform.16 | return value |
|ap_idle       | out |    1| ap_ctrl_hs | sha256_transform.16 | return value |
|ap_ready      | out |    1| ap_ctrl_hs | sha256_transform.16 | return value |
|ap_return     | out |   32| ap_ctrl_hs | sha256_transform.16 | return value |
|block_0_read  |  in |   32|   ap_none  |     block_0_read    |    scalar    |
|block_1_read  |  in |   32|   ap_none  |     block_1_read    |    scalar    |
|block_2_read  |  in |   32|   ap_none  |     block_2_read    |    scalar    |
|block_3_read  |  in |   32|   ap_none  |     block_3_read    |    scalar    |
|block_4_read  |  in |   32|   ap_none  |     block_4_read    |    scalar    |
|block_5_read  |  in |   32|   ap_none  |     block_5_read    |    scalar    |
|block_6_read  |  in |   32|   ap_none  |     block_6_read    |    scalar    |
|block_7_read  |  in |   32|   ap_none  |     block_7_read    |    scalar    |
+--------------+-----+-----+------------+---------------------+--------------+

